73
23 161 31 67 120 165 145 19 141 218 176 40 300 36 88 161 269 111 130 108 79 90 92 114 
19 141 144 282 274 22 144 97 106 230 24 23 84 179 68 169 80 77 6 269 
71 145 68 209 276 286 42 255 197 228 78 211 89 289 35 138 84 148 170 20 43 291 53 173 143 75 104 70 83 26 265 103 200 258 181 34 48 239 69 152 284 233 216 219 34 66 64 254 74 194 210 87 294 46 229 123 280 205 166 89 71 147 10 112 285 244 221 148 227 203 273 38 
4 143 247 267 140 
5 116 267 224 163 58 
17 291 101 277 295 115 179 230 47 276 149 4 178 292 192 210 255 137 
3 78 159 248 
2 244 146 
13 20 188 217 41 21 299 276 226 252 151 111 277 220 
12 247 299 216 85 14 133 238 246 109 135 39 295 
2 173 115 
3 88 240 238 
2 176 133 
2 14 128 
6 112 27 167 283 85 177 
2 284 30 
6 101 171 186 297 210 254 
3 74 222 194 
8 48 36 197 119 110 28 199 205 
2 109 166 
2 119 156 
6 110 93 172 100 175 162 
7 85 272 268 298 91 123 274 
4 144 118 262 117 
2 217 23 
3 24 251 61 
3 251 105 13 
4 97 153 195 157 
4 249 22 175 180 
4 193 183 55 191 
3 123 278 127 
4 87 239 72 102 
3 278 72 131 
4 228 250 45 12 
4 45 9 259 124 
3 91 9 155 
3 292 94 18 
2 219 296 
2 67 258 
6 285 200 154 202 99 8 
3 181 103 113 
3 103 3 52 
4 40 132 90 83 
3 200 164 98 
2 164 204 
2 69 160 
2 233 122 
2 216 198 
2 167 44 
2 240 270 
3 135 2 271 
7 179 171 82 7 129 65 11 
3 221 186 134 
4 239 41 186 107 
3 10 263 49 
4 195 290 147 279 
2 289 281 
4 138 76 242 223 
2 188 208 
3 21 273 190 
2 203 150 
5 172 183 148 29 261 
2 148 231 
2 108 182 
2 90 63 
3 163 19 17 
3 120 207 288 
3 31 213 96 
4 300 1 174 287 
2 57 139 
3 266 60 184 
2 185 236 
2 215 264 
