Case #1: 33.333333 66.666667 
Case #2: 0.000000 100.000000 
Case #3: 25.000000 25.000000 25.000000 25.000000 
Case #4: 34.666667 26.666667 38.666667 
Case #5: 14.285714 14.285714 14.285714 14.285714 0.000000 14.285714 14.285714 14.285714 
Case #6: 50.000000 50.000000 
Case #7: 11.430921 10.402961 10.814145 11.636513 11.430921 9.991776 10.402961 0.000000 12.047697 11.842105 
Case #8: 10.000000 10.000000 10.000000 10.000000 10.000000 10.000000 10.000000 10.000000 10.000000 10.000000 
Case #9: 2.272727 13.863636 14.318182 13.863636 13.863636 14.318182 13.863636 13.636364 
Case #10: 10.045100 13.181632 13.181632 12.259123 12.812628 8.569086 7.646576 10.229602 12.074621 
Case #11: 47.272727 52.727273 
Case #12: 0.000000 25.000000 25.000000 25.000000 25.000000 0.000000 0.000000 
Case #13: 66.666667 33.333333 
Case #14: 9.909910 9.729730 10.630631 9.549550 11.711712 9.369369 9.189189 12.072072 9.729730 8.108108 
Case #15: 11.111111 11.111111 11.111111 11.111111 11.111111 11.111111 11.111111 11.111111 11.111111 0.000000 
Case #16: 0.000000 19.354839 17.741935 5.483871 10.967742 10.000000 8.387097 19.354839 7.741935 0.967742 
Case #17: 86.206897 13.793103 
Case #18: 16.666667 16.666667 16.666667 16.666667 16.666667 16.666667 
Case #19: 0.000000 100.000000 
Case #20: 19.939475 0.000000 0.000000 0.000000 19.939475 0.000000 20.242098 19.939475 19.939475 
