2928
3472
265
3893
2537
863
2827
2586
3348
2704
2007
1121
1562
2058
2405
3269
2073
3661
3216
369
1234
2572
499
3057
3715
3390
2809
3512
2744
3884
608
947
1856
807
2308
1960
1200
19
767
2558
2313
2342
3024
2643
1629
2909
342
2842
440
1796
904
1457
1682
526
837
1445
2108
650
1155
2804
1041
2260
3211
518
2869
3738
3847
3029
3278
2726
3162
3621
966
545
3586
2062
957
1732
3474
738
1008
3434
2572
1873
1306
3176
1409
3056
2920
3635
3925
1640
841
3526
575
2941
2013
698
2735
3329
3359
3403
1218
2923
2587
2513
1547
2168
1259
2156
1521
2581
2516
1996
1940
33
1998
606
1370
3090
1437
1425
2840
3736
663
2678
2383
97
1581
3418
2404
73
3921
2363
1383
306
593
3535
462
2404
876
2909
2457
3968
3260
1548
601
1830
2397
1499
755
3640
3259
3508
1467
3023
881
2343
2720
3298
1156
1883
3600
3100
1279
3467
470
959
1695
280
698
3585
560
1616
285
2636
3510
2694
2448
1696
724
3715
2900
3306
3028
3360
1685
3479
2862
3262
836
1944
2803
1829
1129
3690
1328
154
152
1579
717
3512
1230
1179
925
3589
2904
1200
1052
993
2372
2015
1179
2808
1683
1977
3533
2587
1088
2472
1226
2234
3152
1945
3401
2751
1378
2578
2756
3375
2526
115
554
2558
5
2318
3614
2452
915
3145
3549
3784
1840
3084
1427
2071
118
3572
1077
932
1638
2924
3682
833
2137
2566
2237
2126
373
3510
110
1532
1392
599
1886
1950
1999
3242
2882
2894
3964
1268
194
1914
2171
2089
1755
855
30
3209
1917
3407
1760
596
2671
1503
1890
2119
3477
1120
3321
3288
2818
1749
218
1390
136
1850
2062
808
3756
1310
273
713
3868
3350
3129
3854
2843
2020
1052
1528
420
1371
1994
2969
816
3844
3603
1926
3395
1049
1285
1442
2872
1251
3459
1610
3694
374
1423
2401
3571
1556
280
2448
1594
2077
1514
1181
2483
3257
2526
3685
1049
2735
3678
2900
1934
2848
3817
3806
1919
1795
947
1167
3034
2049
1143
3296
1948
153
2123
1047
3852
3562
2308
1369
1551
1567
242
1560
1509
1482
1778
373
3174
1787
1053
1205
2197
3738
3218
3705
3007
1495
538
1108
917
372
162
2372
630
361
2028
2839
2767
3778
2320
2463
2943
3031
1515
2955
1472
3846
2687
934
2802
747
848
2021
3691
3173
1530
3265
1413
102
3768
622
2464
1890
3328
3057
3405
3588
3671
151
1007
868
3724
3508
1550
3251
1979
734
2779
1752
1986
2893
2306
1432
2413
1235
3183
2419
629
624
2120
242
2110
1949
2013
2837
224
2275
587
3177
2475
1729
1076
3340
325
71
740
1445
3452
3887
2120
1276
2592
533
698
2455
1100
1354
553
1134
774
1072
3199
353
1719
2703
1537
1858
3601
292
1570
671
2574
906
49
2570
3367
1617
375
112
3794
3304
3284
922
368
2407
3444
1851
1844
1047
1511
3299
1871
189
2060
2696
3398
3736
360
736
2813
1401
509
1979
1680
2352
245
647
1013
1672
2604
544
915
3165
1831
1572
1937
3485
2102
1579
1333
3653
3262
1741
184
615
1998
1809
3111
1240
1593
1920
1259
1400
270
3076
3859
169
3249
1967
2
2783
2028
2596
2261
3201
954
1365
3274
1908
3781
2623
2735
752
2120
105
2083
2801
2054
46
3867
2591
3269
2610
1459
1267
2989
3812
3430
2003
1337
1199
3840
759
2304
3135
2049
3767
2148
1374
3188
53
2060
2510
2523
3796
1480
3682
3836
3933
1253
2501
3611
30
2458
3717
3951
2074
3785
2138
2344
1581
702
175
702
2889
626
1754
4039
3503
3895
3285
180
718
3496
1219
1879
1972
3925
2286
1601
3000
986
1321
2839
3236
2630
1216
3690
937
2091
3100
2182
52
1762
3055
1408
1791
3103
1156
252
230
1500
2500
1898
1196
2727
2465
3647
2666
131
2798
3568
1225
3605
3154
3075
2698
2415
2370
2738
1072
999
528
2720
417
3374
1753
1221
1991
2725
1069
644
834
840
2017
3268
3297
2846
664
107
3341
14
2135
2934
2263
2977
2233
2967
2965
182
98
1545
1294
1991
2244
733
2646
3604
2631
3625
1397
1905
3795
2467
1741
1446
1488
381
2746
1582
224
59
1960
608
114
1765
3193
2690
3301
616
3568
1802
3707
3176
206
1593
3959
198
954
250
3004
3170
2928
2058
3109
1556
1257
856
302
891
2003
3133
1580
3930
2452
848
1868
3135
1442
3106
137
1740
3060
3656
2259
3537
397
3157
680
2600
3780
198
93
276
2084
1476
521
2635
4058
453
3199
1648
1095
2084
1745
3566
2628
965
861
2504
3158
1258
1988
757
802
2712
118
3699
364
1530
968
1073
2499
2880
598
3826
3789
3380
1136
2388
1474
396
1650
3717
1758
1567
3033
2790
2469
2456
3850
3604
2568
919
947
448
626
2828
1422
585
1816
3168
3672
735
1139
3579
509
3687
2917
3874
3856
1381
2350
3409
904
39
2395
776
1712
1290
1101
181
2436
1922
2577
3027
3186
1498
2345
2138
1403
91
3611
1196
153
210
3540
2369
1209
1678
1514
2166
1344
1260
1165
3501
2922
1933
1681
1803
2258
450
3352
3578
283
2236
2146
3334
1399
2276
1017
1405
2715
1115
3791
410
3085
3508
3066
2764
2632
812
2553
235
718
708
328
2559
997
1381
3152
3406
1409
861
2860
2246
2441
342
3207
715
3617
3178
220
3337
1355
3426
400
1257
321
3241
632
718
1116
3057
1661
3321
3189
3095
1282
2369
2758
2432
2309
2884
2267
861
1035
2234
1972
894
3295
428
390
2898
1607
2448
2952
687
2246
3065
2691
1012
1309
1748
1056
595
3021
3909
2159
1309
2024
2245
2705
3718
2451
2282
3573
1626
2492
3374
3060
2088
1196
532
1512
398
3256
3649
2395
716
3040
