3174
3733
389
4163
2741
1017
3077
2838
3585
2945
2188
1285
1737
2282
2645
3516
2292
3933
3467
496
1396
2800
647
3308
4016
3642
3032
3783
2975
4139
765
1113
2037
976
2517
2162
1373
61
924
2775
2532
2563
3258
2875
1842
3127
471
3078
561
1978
1054
1662
1864
676
974
1638
2314
807
1320
3039
1193
2482
3487
662
3139
3995
4127
3252
3530
2955
3400
3905
1138
701
3835
2288
1118
1926
3735
903
1180
3710
2805
2058
1509
3428
1594
3292
3179
3907
4197
1820
1006
3798
716
3179
2224
871
2966
3593
3594
3648
1388
3183
2818
2728
1740
2390
1438
2368
1718
2812
2752
2192
2141
100
2204
749
1570
3342
1624
1599
3087
4013
809
2902
2593
183
1755
3674
2626
156
4206
2581
1576
424
723
3806
579
2605
1023
3121
2687
4217
3507
1705
759
2020
2619
1674
899
3926
3509
3761
1653
3262
1042
2553
2950
3532
1334
2080
3860
3357
1454
3731
600
1124
1870
411
855
3871
698
1836
406
2840
3750
2932
2676
1900
898
3981
3151
3566
3296
3617
1860
3739
3081
3512
999
2160
3029
2018
1292
3962
1528
266
273
1785
856
3763
1409
1362
1075
3865
3122
1375
1222
1127
2595
2243
1333
3034
1866
2174
3803
2817
1227
2698
1387
2422
3386
2145
3655
2998
1568
2809
3007
3644
2741
213
710
2784
25
2525
3887
2669
1082
3382
3821
4054
2034
3314
1592
2279
216
3830
1258
1104
1837
3188
3957
1008
2343
2801
2418
2357
499
3774
221
1730
1570
767
2081
2163
2208
3497
3126
3149
4231
1435
299
2099
2365
2289
1947
1023
89
3442
2117
3661
1939
748
2918
1679
2090
2323
3739
1311
3576
3556
3049
1938
346
1582
244
2080
2260
950
4012
1488
389
863
4168
3598
3350
4107
3089
2234
1205
1690
572
1533
2196
3211
965
4121
3872
2140
3643
1212
1466
1629
3119
1413
3726
1805
3964
512
1597
2630
3827
1766
403
2644
1773
2291
1702
1356
2705
3494
2765
3952
1210
2983
3942
3135
2136
3067
4100
4096
2135
1994
1107
1317
3265
2231
1306
3543
2165
257
2365
1205
4121
3805
2521
1563
1749
1739
365
1742
1710
1672
1973
505
3417
2000
1226
1359
2426
4016
3478
3949
3263
1686
682
1262
1085
513
262
2566
787
495
2234
3094
2995
4047
2535
2693
3176
3283
1698
3186
1661
4147
2916
1099
3031
903
1022
2225
3955
3426
1726
3537
1587
189
4013
769
2684
2075
3605
3304
3675
3865
3932
262
1180
1017
3996
3769
1745
3507
2172
902
3008
1951
2176
3142
2521
1614
2646
1409
3429
2643
765
775
2341
358
2333
2129
2224
3046
349
2503
740
3420
2684
1903
1256
3587
447
154
889
1623
3711
4141
2361
1458
2815
679
865
2689
1271
1529
711
1309
919
1243
3454
479
1919
2924
1731
2068
3865
420
1763
816
2790
1092
126
2815
3611
1803
502
210
4061
3569
3518
1062
498
2623
3686
2021
2021
1218
1717
3534
2065
281
2247
2942
3647
4011
487
900
3026
1595
649
2163
1860
2575
357
788
1195
1869
2843
698
1084
3420
2042
1762
2149
3764
2304
1764
1516
3893
3506
1954
306
775
2205
2015
3358
1419
1783
2122
1428
1571
389
3315
4151
279
3500
2153
2
3007
2217
2828
2481
3451
1102
1550
3541
2109
4030
2846
2984
903
2339
195
2300
3021
2270
119
4135
2822
3538
2852
1656
1434
3221
4062
3701
2212
1503
1369
4112
930
2523
3381
2242
4030
2370
1551
3418
123
2239
2712
2749
4060
1680
3934
4115
4226
1414
2699
3882
88
2681
3988
4210
2279
4031
2346
2576
1785
848
273
855
3143
767
1931
4311
3757
4154
3520
284
863
3782
1398
2063
2186
4206
2502
1789
3243
1166
1498
3073
3482
2842
1392
3982
1097
2302
3329
2410
115
1955
3302
1602
1974
3358
1330
360
351
1674
2719
2102
1371
2958
2676
3914
2901
233
3030
3834
1405
3866
3413
3318
2926
2665
2598
2959
1246
1161
679
2950
557
3657
1947
1389
2179
2961
1230
802
969
1001
2200
3525
3545
3079
818
207
3598
48
2355
3180
2510
3224
2427
3217
3200
306
184
1731
1465
2176
2448
878
2894
3882
2859
3869
1568
2109
4103
2683
1928
1637
1655
509
2990
1771
352
128
2167
758
217
1952
3458
2876
3569
765
3824
1985
3977
3402
322
1803
4236
321
1121
356
3231
3409
3171
2263
3344
1766
1456
1012
425
1043
2220
3376
1785
4183
2685
1014
2055
3380
1630
3342
241
1912
3309
3918
2469
3797
545
3411
834
2844
4065
329
184
397
2295
1656
661
2882
4327
597
3448
1842
1259
2294
1929
3816
2842
1127
1017
2741
3412
1418
2225
923
971
2932
226
3959
483
1726
1119
1256
2727
3123
744
4105
4051
3644
1302
2596
1636
516
1826
3986
1939
1765
3277
3052
2698
2684
4116
3849
2802
1062
1104
587
787
3039
1591
731
2020
3404
3937
894
1327
3819
651
3944
3155
4167
4108
1565
2562
3631
1059
99
2624
941
1903
1450
1285
288
2647
2112
2790
3275
3429
1666
2576
2366
1598
187
3884
1352
268
329
3812
2580
1385
1847
1709
2399
1506
1448
1338
3771
3152
2139
1880
2010
2463
591
3614
3850
412
2457
2345
3573
1586
2474
1184
1590
2929
1287
4073
548
3326
3750
3319
2989
2874
973
2793
340
888
862
465
2783
1180
1577
3420
3643
1603
1033
3116
2455
2665
471
3467
872
3899
3402
320
3599
1540
3701
535
1434
462
3481
766
869
1295
3314
1817
3557
3429
3345
1462
2587
2985
2636
2524
3134
2495
1017
1206
2452
2184
1076
3553
572
516
3141
1794
2666
3215
847
2469
3309
2927
1171
1480
1934
1228
739
3260
4192
2367
1481
2222
2453
2917
3985
2649
2500
3843
1829
2731
3627
3297
2296
1359
675
1695
530
3539
3929
2590
858
3276
