Case #1: 
3 
2 1 
Case #2: 
1771 1243 
2894 120 
Case #3: 
28814 82614 88600 71506 
39474 97879 33885 71362 28934 
Case #4: 
27592 99866 30636 51335 71043 59367 
95096 94012 87414 63317 
Case #5: 
360 3738 76 2130 
1998 4306 
Case #6: 
42162 69910 87162 82439 
67392 55847 45783 31633 81018 
Case #7: 
92871 56491 
70508 70018 8836 
Case #8: 
79596 73649 53483 19882 
73360 78355 74895 
Case #9: 
2144 4805 
254 4250 2445 
Case #10: 
65551 31481 98185 18801 74016 
39385 39826 4891 18307 99418 26196 60011 
